This file contains any messages produced by compilers while
running configure, to aid debugging if configure makes a mistake.

It was created by xf86-video-armsoc configure 1.4.0, which was
generated by GNU Autoconf 2.69.  Invocation command line was

  $ ./configure --no-create --no-recursion

## --------- ##
## Platform. ##
## --------- ##

hostname = Orangepi
uname -m = aarch64
uname -r = 3.10.65
uname -s = Linux
uname -v = #36 SMP PREEMPT Mon Feb 13 14:36:56 CST 2017

/usr/bin/uname -p = unknown
/bin/uname -X     = unknown

/bin/arch              = unknown
/usr/bin/arch -k       = unknown
/usr/convex/getsysinfo = unknown
/usr/bin/hostinfo      = unknown
/bin/machine           = unknown
/usr/bin/oslevel       = unknown
/bin/universe          = unknown

PATH: /usr/local/sbin
PATH: /usr/local/bin
PATH: /usr/sbin
PATH: /usr/bin
PATH: /sbin
PATH: /bin
PATH: /usr/games
PATH: /usr/local/games


## ----------- ##
## Core tests. ##
## ----------- ##

configure:2357: checking for a BSD-compatible install
configure:2425: result: /usr/bin/install -c
configure:2436: checking whether build environment is sane
configure:2491: result: yes
configure:2642: checking for a thread-safe mkdir -p
configure:2681: result: /bin/mkdir -p
configure:2688: checking for gawk
configure:2718: result: no
configure:2688: checking for mawk
configure:2704: found /usr/bin/mawk
configure:2715: result: mawk
configure:2726: checking whether make sets $(MAKE)
configure:2748: result: yes
configure:2777: checking whether make supports nested variables
configure:2794: result: yes
configure:2922: checking whether to enable maintainer-specific portions of Makefiles
configure:2931: result: no
configure:2969: checking for style of include used by make
configure:2997: result: GNU
configure:3068: checking for gcc
configure:3084: found /usr/bin/gcc
configure:3095: result: gcc
configure:3324: checking for C compiler version
configure:3333: gcc --version >&5
gcc (Ubuntu/Linaro 5.4.0-6ubuntu1~16.04.4) 5.4.0 20160609
Copyright (C) 2015 Free Software Foundation, Inc.
This is free software; see the source for copying conditions.  There is NO
warranty; not even for MERCHANTABILITY or FITNESS FOR A PARTICULAR PURPOSE.

configure:3344: $? = 0
configure:3333: gcc -v >&5
Using built-in specs.
COLLECT_GCC=gcc
COLLECT_LTO_WRAPPER=/usr/lib/gcc/aarch64-linux-gnu/5/lto-wrapper
Target: aarch64-linux-gnu
Configured with: ../src/configure -v --with-pkgversion='Ubuntu/Linaro 5.4.0-6ubuntu1~16.04.4' --with-bugurl=file:///usr/share/doc/gcc-5/README.Bugs --enable-languages=c,ada,c++,java,go,d,fortran,objc,obj-c++ --prefix=/usr --program-suffix=-5 --enable-shared --enable-linker-build-id --libexecdir=/usr/lib --without-included-gettext --enable-threads=posix --libdir=/usr/lib --enable-nls --with-sysroot=/ --enable-clocale=gnu --enable-libstdcxx-debug --enable-libstdcxx-time=yes --with-default-libstdcxx-abi=new --enable-gnu-unique-object --disable-libquadmath --enable-plugin --with-system-zlib --disable-browser-plugin --enable-java-awt=gtk --enable-gtk-cairo --with-java-home=/usr/lib/jvm/java-1.5.0-gcj-5-arm64/jre --enable-java-home --with-jvm-root-dir=/usr/lib/jvm/java-1.5.0-gcj-5-arm64 --with-jvm-jar-dir=/usr/lib/jvm-exports/java-1.5.0-gcj-5-arm64 --with-arch-directory=aarch64 --with-ecj-jar=/usr/share/java/eclipse-ecj.jar --enable-multiarch --enable-fix-cortex-a53-843419 --disable-werror --enable-checking=release --build=aarch64-linux-gnu --host=aarch64-linux-gnu --target=aarch64-linux-gnu
Thread model: posix
gcc version 5.4.0 20160609 (Ubuntu/Linaro 5.4.0-6ubuntu1~16.04.4) 
configure:3344: $? = 0
configure:3333: gcc -V >&5
gcc: error: unrecognized command line option '-V'
gcc: fatal error: no input files
compilation terminated.
configure:3344: $? = 1
configure:3333: gcc -qversion >&5
gcc: error: unrecognized command line option '-qversion'
gcc: fatal error: no input files
compilation terminated.
configure:3344: $? = 1
configure:3364: checking whether the C compiler works
configure:3386: gcc    conftest.c  >&5
configure:3390: $? = 0
configure:3438: result: yes
configure:3441: checking for C compiler default output file name
configure:3443: result: a.out
configure:3449: checking for suffix of executables
configure:3456: gcc -o conftest    conftest.c  >&5
configure:3460: $? = 0
configure:3482: result: 
configure:3504: checking whether we are cross compiling
configure:3512: gcc -o conftest    conftest.c  >&5
configure:3516: $? = 0
configure:3523: ./conftest
configure:3527: $? = 0
configure:3542: result: no
configure:3547: checking for suffix of object files
configure:3569: gcc -c   conftest.c >&5
configure:3573: $? = 0
configure:3594: result: o
configure:3598: checking whether we are using the GNU C compiler
configure:3617: gcc -c   conftest.c >&5
configure:3617: $? = 0
configure:3626: result: yes
configure:3635: checking whether gcc accepts -g
configure:3655: gcc -c -g  conftest.c >&5
configure:3655: $? = 0
configure:3696: result: yes
configure:3713: checking for gcc option to accept ISO C89
configure:3776: gcc  -c -g -O2  conftest.c >&5
configure:3776: $? = 0
configure:3789: result: none needed
configure:3814: checking whether gcc understands -c and -o together
configure:3836: gcc -c conftest.c -o conftest2.o
configure:3839: $? = 0
configure:3836: gcc -c conftest.c -o conftest2.o
configure:3839: $? = 0
configure:3851: result: yes
configure:3870: checking dependency style of gcc
configure:3981: result: gcc3
configure:3996: checking for gcc option to accept ISO C99
configure:4145: gcc  -c -g -O2  conftest.c >&5
configure:4145: $? = 0
configure:4158: result: none needed
configure:4179: checking how to run the C preprocessor
configure:4210: gcc -E  conftest.c
configure:4210: $? = 0
configure:4224: gcc -E  conftest.c
conftest.c:11:28: fatal error: ac_nonexistent.h: No such file or directory
compilation terminated.
configure:4224: $? = 1
configure: failed program was:
| /* confdefs.h */
| #define PACKAGE_NAME "xf86-video-armsoc"
| #define PACKAGE_TARNAME "xf86-video-armsoc"
| #define PACKAGE_VERSION "1.4.0"
| #define PACKAGE_STRING "xf86-video-armsoc 1.4.0"
| #define PACKAGE_BUGREPORT ""
| #define PACKAGE_URL ""
| #define PACKAGE "xf86-video-armsoc"
| #define VERSION "1.4.0"
| /* end confdefs.h.  */
| #include <ac_nonexistent.h>
configure:4249: result: gcc -E
configure:4269: gcc -E  conftest.c
configure:4269: $? = 0
configure:4283: gcc -E  conftest.c
conftest.c:11:28: fatal error: ac_nonexistent.h: No such file or directory
compilation terminated.
configure:4283: $? = 1
configure: failed program was:
| /* confdefs.h */
| #define PACKAGE_NAME "xf86-video-armsoc"
| #define PACKAGE_TARNAME "xf86-video-armsoc"
| #define PACKAGE_VERSION "1.4.0"
| #define PACKAGE_STRING "xf86-video-armsoc 1.4.0"
| #define PACKAGE_BUGREPORT ""
| #define PACKAGE_URL ""
| #define PACKAGE "xf86-video-armsoc"
| #define VERSION "1.4.0"
| /* end confdefs.h.  */
| #include <ac_nonexistent.h>
configure:4312: checking for grep that handles long lines and -e
configure:4370: result: /bin/grep
configure:4375: checking for egrep
configure:4437: result: /bin/grep -E
configure:4442: checking for ANSI C header files
configure:4462: gcc -c -g -O2  conftest.c >&5
configure:4462: $? = 0
configure:4535: gcc -o conftest -g -O2   conftest.c  >&5
configure:4535: $? = 0
configure:4535: ./conftest
configure:4535: $? = 0
configure:4546: result: yes
configure:4559: checking for sys/types.h
configure:4559: gcc -c -g -O2  conftest.c >&5
configure:4559: $? = 0
configure:4559: result: yes
configure:4559: checking for sys/stat.h
configure:4559: gcc -c -g -O2  conftest.c >&5
configure:4559: $? = 0
configure:4559: result: yes
configure:4559: checking for stdlib.h
configure:4559: gcc -c -g -O2  conftest.c >&5
configure:4559: $? = 0
configure:4559: result: yes
configure:4559: checking for string.h
configure:4559: gcc -c -g -O2  conftest.c >&5
configure:4559: $? = 0
configure:4559: result: yes
configure:4559: checking for memory.h
configure:4559: gcc -c -g -O2  conftest.c >&5
configure:4559: $? = 0
configure:4559: result: yes
configure:4559: checking for strings.h
configure:4559: gcc -c -g -O2  conftest.c >&5
configure:4559: $? = 0
configure:4559: result: yes
configure:4559: checking for inttypes.h
configure:4559: gcc -c -g -O2  conftest.c >&5
configure:4559: $? = 0
configure:4559: result: yes
configure:4559: checking for stdint.h
configure:4559: gcc -c -g -O2  conftest.c >&5
configure:4559: $? = 0
configure:4559: result: yes
configure:4559: checking for unistd.h
configure:4559: gcc -c -g -O2  conftest.c >&5
configure:4559: $? = 0
configure:4559: result: yes
configure:4575: checking whether __clang__ is declared
configure:4575: gcc -c -g -O2  conftest.c >&5
conftest.c: In function 'main':
conftest.c:61:10: error: '__clang__' undeclared (first use in this function)
   (void) __clang__;
          ^
conftest.c:61:10: note: each undeclared identifier is reported only once for each function it appears in
configure:4575: $? = 1
configure: failed program was:
| /* confdefs.h */
| #define PACKAGE_NAME "xf86-video-armsoc"
| #define PACKAGE_TARNAME "xf86-video-armsoc"
| #define PACKAGE_VERSION "1.4.0"
| #define PACKAGE_STRING "xf86-video-armsoc 1.4.0"
| #define PACKAGE_BUGREPORT ""
| #define PACKAGE_URL ""
| #define PACKAGE "xf86-video-armsoc"
| #define VERSION "1.4.0"
| #define STDC_HEADERS 1
| #define HAVE_SYS_TYPES_H 1
| #define HAVE_SYS_STAT_H 1
| #define HAVE_STDLIB_H 1
| #define HAVE_STRING_H 1
| #define HAVE_MEMORY_H 1
| #define HAVE_STRINGS_H 1
| #define HAVE_INTTYPES_H 1
| #define HAVE_STDINT_H 1
| #define HAVE_UNISTD_H 1
| /* end confdefs.h.  */
| #include <stdio.h>
| #ifdef HAVE_SYS_TYPES_H
| # include <sys/types.h>
| #endif
| #ifdef HAVE_SYS_STAT_H
| # include <sys/stat.h>
| #endif
| #ifdef STDC_HEADERS
| # include <stdlib.h>
| # include <stddef.h>
| #else
| # ifdef HAVE_STDLIB_H
| #  include <stdlib.h>
| # endif
| #endif
| #ifdef HAVE_STRING_H
| # if !defined STDC_HEADERS && defined HAVE_MEMORY_H
| #  include <memory.h>
| # endif
| # include <string.h>
| #endif
| #ifdef HAVE_STRINGS_H
| # include <strings.h>
| #endif
| #ifdef HAVE_INTTYPES_H
| # include <inttypes.h>
| #endif
| #ifdef HAVE_STDINT_H
| # include <stdint.h>
| #endif
| #ifdef HAVE_UNISTD_H
| # include <unistd.h>
| #endif
| int
| main ()
| {
| #ifndef __clang__
| #ifdef __cplusplus
|   (void) __clang__;
| #else
|   (void) __clang__;
| #endif
| #endif
| 
|   ;
|   return 0;
| }
configure:4575: result: no
configure:4582: checking whether __INTEL_COMPILER is declared
configure:4582: gcc -c -g -O2  conftest.c >&5
conftest.c: In function 'main':
conftest.c:61:10: error: '__INTEL_COMPILER' undeclared (first use in this function)
   (void) __INTEL_COMPILER;
          ^
conftest.c:61:10: note: each undeclared identifier is reported only once for each function it appears in
configure:4582: $? = 1
configure: failed program was:
| /* confdefs.h */
| #define PACKAGE_NAME "xf86-video-armsoc"
| #define PACKAGE_TARNAME "xf86-video-armsoc"
| #define PACKAGE_VERSION "1.4.0"
| #define PACKAGE_STRING "xf86-video-armsoc 1.4.0"
| #define PACKAGE_BUGREPORT ""
| #define PACKAGE_URL ""
| #define PACKAGE "xf86-video-armsoc"
| #define VERSION "1.4.0"
| #define STDC_HEADERS 1
| #define HAVE_SYS_TYPES_H 1
| #define HAVE_SYS_STAT_H 1
| #define HAVE_STDLIB_H 1
| #define HAVE_STRING_H 1
| #define HAVE_MEMORY_H 1
| #define HAVE_STRINGS_H 1
| #define HAVE_INTTYPES_H 1
| #define HAVE_STDINT_H 1
| #define HAVE_UNISTD_H 1
| /* end confdefs.h.  */
| #include <stdio.h>
| #ifdef HAVE_SYS_TYPES_H
| # include <sys/types.h>
| #endif
| #ifdef HAVE_SYS_STAT_H
| # include <sys/stat.h>
| #endif
| #ifdef STDC_HEADERS
| # include <stdlib.h>
| # include <stddef.h>
| #else
| # ifdef HAVE_STDLIB_H
| #  include <stdlib.h>
| # endif
| #endif
| #ifdef HAVE_STRING_H
| # if !defined STDC_HEADERS && defined HAVE_MEMORY_H
| #  include <memory.h>
| # endif
| # include <string.h>
| #endif
| #ifdef HAVE_STRINGS_H
| # include <strings.h>
| #endif
| #ifdef HAVE_INTTYPES_H
| # include <inttypes.h>
| #endif
| #ifdef HAVE_STDINT_H
| # include <stdint.h>
| #endif
| #ifdef HAVE_UNISTD_H
| # include <unistd.h>
| #endif
| int
| main ()
| {
| #ifndef __INTEL_COMPILER
| #ifdef __cplusplus
|   (void) __INTEL_COMPILER;
| #else
|   (void) __INTEL_COMPILER;
| #endif
| #endif
| 
|   ;
|   return 0;
| }
configure:4582: result: no
configure:4589: checking whether __SUNPRO_C is declared
configure:4589: gcc -c -g -O2  conftest.c >&5
conftest.c: In function 'main':
conftest.c:61:10: error: '__SUNPRO_C' undeclared (first use in this function)
   (void) __SUNPRO_C;
          ^
conftest.c:61:10: note: each undeclared identifier is reported only once for each function it appears in
configure:4589: $? = 1
configure: failed program was:
| /* confdefs.h */
| #define PACKAGE_NAME "xf86-video-armsoc"
| #define PACKAGE_TARNAME "xf86-video-armsoc"
| #define PACKAGE_VERSION "1.4.0"
| #define PACKAGE_STRING "xf86-video-armsoc 1.4.0"
| #define PACKAGE_BUGREPORT ""
| #define PACKAGE_URL ""
| #define PACKAGE "xf86-video-armsoc"
| #define VERSION "1.4.0"
| #define STDC_HEADERS 1
| #define HAVE_SYS_TYPES_H 1
| #define HAVE_SYS_STAT_H 1
| #define HAVE_STDLIB_H 1
| #define HAVE_STRING_H 1
| #define HAVE_MEMORY_H 1
| #define HAVE_STRINGS_H 1
| #define HAVE_INTTYPES_H 1
| #define HAVE_STDINT_H 1
| #define HAVE_UNISTD_H 1
| /* end confdefs.h.  */
| #include <stdio.h>
| #ifdef HAVE_SYS_TYPES_H
| # include <sys/types.h>
| #endif
| #ifdef HAVE_SYS_STAT_H
| # include <sys/stat.h>
| #endif
| #ifdef STDC_HEADERS
| # include <stdlib.h>
| # include <stddef.h>
| #else
| # ifdef HAVE_STDLIB_H
| #  include <stdlib.h>
| # endif
| #endif
| #ifdef HAVE_STRING_H
| # if !defined STDC_HEADERS && defined HAVE_MEMORY_H
| #  include <memory.h>
| # endif
| # include <string.h>
| #endif
| #ifdef HAVE_STRINGS_H
| # include <strings.h>
| #endif
| #ifdef HAVE_INTTYPES_H
| # include <inttypes.h>
| #endif
| #ifdef HAVE_STDINT_H
| # include <stdint.h>
| #endif
| #ifdef HAVE_UNISTD_H
| # include <unistd.h>
| #endif
| int
| main ()
| {
| #ifndef __SUNPRO_C
| #ifdef __cplusplus
|   (void) __SUNPRO_C;
| #else
|   (void) __SUNPRO_C;
| #endif
| #endif
| 
|   ;
|   return 0;
| }
configure:4589: result: no
configure:4602: checking build system type
configure:4616: result: aarch64-unknown-linux-gnu
configure:4636: checking host system type
configure:4649: result: aarch64-unknown-linux-gnu
configure:4669: checking for a sed that does not truncate output
configure:4733: result: /bin/sed
configure:4779: checking if gcc supports -Werror=unknown-warning-option
configure:4788: gcc -c -g -O2 -Werror=unknown-warning-option  conftest.c >&5
cc1: error: -Werror=unknown-warning-option: no option -Wunknown-warning-option
configure:4788: $? = 1
configure: failed program was:
| /* confdefs.h */
| #define PACKAGE_NAME "xf86-video-armsoc"
| #define PACKAGE_TARNAME "xf86-video-armsoc"
| #define PACKAGE_VERSION "1.4.0"
| #define PACKAGE_STRING "xf86-video-armsoc 1.4.0"
| #define PACKAGE_BUGREPORT ""
| #define PACKAGE_URL ""
| #define PACKAGE "xf86-video-armsoc"
| #define VERSION "1.4.0"
| #define STDC_HEADERS 1
| #define HAVE_SYS_TYPES_H 1
| #define HAVE_SYS_STAT_H 1
| #define HAVE_STDLIB_H 1
| #define HAVE_STRING_H 1
| #define HAVE_MEMORY_H 1
| #define HAVE_STRINGS_H 1
| #define HAVE_INTTYPES_H 1
| #define HAVE_STDINT_H 1
| #define HAVE_UNISTD_H 1
| /* end confdefs.h.  */
| int i;
configure:4795: result: no
configure:4806: checking if gcc supports -Werror=unused-command-line-argument
configure:4815: gcc -c -g -O2 -Werror=unused-command-line-argument  conftest.c >&5
cc1: error: -Werror=unused-command-line-argument: no option -Wunused-command-line-argument
configure:4815: $? = 1
configure: failed program was:
| /* confdefs.h */
| #define PACKAGE_NAME "xf86-video-armsoc"
| #define PACKAGE_TARNAME "xf86-video-armsoc"
| #define PACKAGE_VERSION "1.4.0"
| #define PACKAGE_STRING "xf86-video-armsoc 1.4.0"
| #define PACKAGE_BUGREPORT ""
| #define PACKAGE_URL ""
| #define PACKAGE "xf86-video-armsoc"
| #define VERSION "1.4.0"
| #define STDC_HEADERS 1
| #define HAVE_SYS_TYPES_H 1
| #define HAVE_SYS_STAT_H 1
| #define HAVE_STDLIB_H 1
| #define HAVE_STRING_H 1
| #define HAVE_MEMORY_H 1
| #define HAVE_STRINGS_H 1
| #define HAVE_INTTYPES_H 1
| #define HAVE_STDINT_H 1
| #define HAVE_UNISTD_H 1
| /* end confdefs.h.  */
| int i;
configure:4822: result: no
configure:4841: checking if gcc supports -Wall
configure:4858: gcc -o conftest -g -O2 -Wall   conftest.c  >&5
configure:4858: $? = 0
configure:4871: result: yes
configure:4959: checking if gcc supports -Wpointer-arith
configure:4976: gcc -o conftest -g -O2 -Wpointer-arith   conftest.c  >&5
configure:4976: $? = 0
configure:4989: result: yes
configure:5077: checking if gcc supports -Wmissing-declarations
configure:5094: gcc -o conftest -g -O2 -Wmissing-declarations   conftest.c  >&5
configure:5094: $? = 0
configure:5107: result: yes
configure:5195: checking if gcc supports -Wformat=2
configure:5212: gcc -o conftest -g -O2 -Wformat=2   conftest.c  >&5
configure:5212: $? = 0
configure:5225: result: yes
configure:5364: checking if gcc supports -Wstrict-prototypes
configure:5381: gcc -o conftest -g -O2 -Wstrict-prototypes   conftest.c  >&5
conftest.c:23:1: warning: function declaration isn't a prototype [-Wstrict-prototypes]
 main ()
 ^
configure:5381: $? = 0
configure:5394: result: yes
configure:5482: checking if gcc supports -Wmissing-prototypes
configure:5499: gcc -o conftest -g -O2 -Wmissing-prototypes   conftest.c  >&5
configure:5499: $? = 0
configure:5512: result: yes
configure:5600: checking if gcc supports -Wnested-externs
configure:5617: gcc -o conftest -g -O2 -Wnested-externs   conftest.c  >&5
configure:5617: $? = 0
configure:5630: result: yes
configure:5718: checking if gcc supports -Wbad-function-cast
configure:5735: gcc -o conftest -g -O2 -Wbad-function-cast   conftest.c  >&5
configure:5735: $? = 0
configure:5748: result: yes
configure:5836: checking if gcc supports -Wold-style-definition
configure:5853: gcc -o conftest -g -O2 -Wold-style-definition   conftest.c  >&5
conftest.c: In function 'main':
conftest.c:23:1: warning: old-style function definition [-Wold-style-definition]
 main ()
 ^
configure:5853: $? = 0
configure:5866: result: yes
configure:6003: checking if gcc supports -Wdeclaration-after-statement
configure:6020: gcc -o conftest -g -O2 -Wdeclaration-after-statement   conftest.c  >&5
configure:6020: $? = 0
configure:6033: result: yes
configure:6125: checking if gcc supports -Wunused
configure:6142: gcc -o conftest -g -O2 -Wunused   conftest.c  >&5
configure:6142: $? = 0
configure:6155: result: yes
configure:6243: checking if gcc supports -Wuninitialized
configure:6260: gcc -o conftest -g -O2 -Wuninitialized   conftest.c  >&5
configure:6260: $? = 0
configure:6273: result: yes
configure:6361: checking if gcc supports -Wshadow
configure:6378: gcc -o conftest -g -O2 -Wshadow   conftest.c  >&5
configure:6378: $? = 0
configure:6391: result: yes
configure:6479: checking if gcc supports -Wmissing-noreturn
configure:6496: gcc -o conftest -g -O2 -Wmissing-noreturn   conftest.c  >&5
configure:6496: $? = 0
configure:6509: result: yes
configure:6597: checking if gcc supports -Wmissing-format-attribute
configure:6614: gcc -o conftest -g -O2 -Wmissing-format-attribute   conftest.c  >&5
configure:6614: $? = 0
configure:6627: result: yes
configure:6715: checking if gcc supports -Wredundant-decls
configure:6732: gcc -o conftest -g -O2 -Wredundant-decls   conftest.c  >&5
configure:6732: $? = 0
configure:6745: result: yes
configure:6833: checking if gcc supports -Wlogical-op
configure:6850: gcc -o conftest -g -O2 -Wlogical-op   conftest.c  >&5
configure:6850: $? = 0
configure:6863: result: yes
configure:6963: checking if gcc supports -Werror=implicit
configure:6980: gcc -o conftest -g -O2 -Werror=implicit   conftest.c  >&5
configure:6980: $? = 0
configure:6993: result: yes
configure:7130: checking if gcc supports -Werror=nonnull
configure:7147: gcc -o conftest -g -O2 -Werror=nonnull   conftest.c  >&5
configure:7147: $? = 0
configure:7160: result: yes
configure:7248: checking if gcc supports -Werror=init-self
configure:7265: gcc -o conftest -g -O2 -Werror=init-self   conftest.c  >&5
configure:7265: $? = 0
configure:7278: result: yes
configure:7366: checking if gcc supports -Werror=main
configure:7383: gcc -o conftest -g -O2 -Werror=main   conftest.c  >&5
configure:7383: $? = 0
configure:7396: result: yes
configure:7484: checking if gcc supports -Werror=missing-braces
configure:7501: gcc -o conftest -g -O2 -Werror=missing-braces   conftest.c  >&5
configure:7501: $? = 0
configure:7514: result: yes
configure:7602: checking if gcc supports -Werror=sequence-point
configure:7619: gcc -o conftest -g -O2 -Werror=sequence-point   conftest.c  >&5
configure:7619: $? = 0
configure:7632: result: yes
configure:7720: checking if gcc supports -Werror=return-type
configure:7737: gcc -o conftest -g -O2 -Werror=return-type   conftest.c  >&5
configure:7737: $? = 0
configure:7750: result: yes
configure:7887: checking if gcc supports -Werror=trigraphs
configure:7904: gcc -o conftest -g -O2 -Werror=trigraphs   conftest.c  >&5
configure:7904: $? = 0
configure:7917: result: yes
configure:8005: checking if gcc supports -Werror=array-bounds
configure:8022: gcc -o conftest -g -O2 -Werror=array-bounds   conftest.c  >&5
configure:8022: $? = 0
configure:8035: result: yes
configure:8123: checking if gcc supports -Werror=write-strings
configure:8140: gcc -o conftest -g -O2 -Werror=write-strings   conftest.c  >&5
configure:8140: $? = 0
configure:8153: result: yes
configure:8241: checking if gcc supports -Werror=address
configure:8258: gcc -o conftest -g -O2 -Werror=address   conftest.c  >&5
configure:8258: $? = 0
configure:8271: result: yes
configure:8359: checking if gcc supports -Werror=int-to-pointer-cast
configure:8376: gcc -o conftest -g -O2 -Werror=int-to-pointer-cast   conftest.c  >&5
configure:8376: $? = 0
configure:8389: result: yes
configure:8526: checking if gcc supports -Werror=pointer-to-int-cast
configure:8543: gcc -o conftest -g -O2 -Werror=pointer-to-int-cast   conftest.c  >&5
configure:8543: $? = 0
configure:8556: result: yes
configure:10214: checking if gcc supports -pedantic
configure:10231: gcc -o conftest -g -O2 -pedantic   conftest.c  >&5
configure:10231: $? = 0
configure:10244: result: yes
configure:10332: checking if gcc supports -Werror
configure:10349: gcc -o conftest -g -O2 -Werror   conftest.c  >&5
configure:10349: $? = 0
configure:10362: result: yes
configure:10502: checking if gcc supports -Werror=attributes
configure:10519: gcc -o conftest -g -O2 -Werror=attributes   conftest.c  >&5
configure:10519: $? = 0
configure:10532: result: yes
configure:10692: checking whether make supports nested variables
configure:10709: result: yes
configure:10769: checking how to print strings
configure:10796: result: printf
configure:10817: checking for a sed that does not truncate output
configure:10881: result: /bin/sed
configure:10899: checking for fgrep
configure:10961: result: /bin/grep -F
configure:10996: checking for ld used by gcc
configure:11063: result: /usr/bin/ld
configure:11070: checking if the linker (/usr/bin/ld) is GNU ld
configure:11085: result: yes
configure:11097: checking for BSD- or MS-compatible name lister (nm)
configure:11151: result: /usr/bin/nm -B
configure:11281: checking the name lister (/usr/bin/nm -B) interface
configure:11288: gcc -c -g -O2  conftest.c >&5
configure:11291: /usr/bin/nm -B "conftest.o"
configure:11294: output
0000000000000000 B some_variable
configure:11301: result: BSD nm
configure:11304: checking whether ln -s works
configure:11308: result: yes
configure:11316: checking the maximum length of command line arguments
configure:11447: result: 1572864
configure:11495: checking how to convert aarch64-unknown-linux-gnu file names to aarch64-unknown-linux-gnu format
configure:11535: result: func_convert_file_noop
configure:11542: checking how to convert aarch64-unknown-linux-gnu file names to toolchain format
configure:11562: result: func_convert_file_noop
configure:11569: checking for /usr/bin/ld option to reload object files
configure:11576: result: -r
configure:11650: checking for objdump
configure:11666: found /usr/bin/objdump
configure:11677: result: objdump
configure:11709: checking how to recognize dependent libraries
configure:11909: result: pass_all
configure:11994: checking for dlltool
configure:12024: result: no
configure:12054: checking how to associate runtime and link libraries
configure:12081: result: printf %s\n
configure:12141: checking for ar
configure:12157: found /usr/bin/ar
configure:12168: result: ar
configure:12205: checking for archiver @FILE support
configure:12222: gcc -c -g -O2  conftest.c >&5
configure:12222: $? = 0
configure:12225: ar cru libconftest.a @conftest.lst >&5
ar: `u' modifier ignored since `D' is the default (see `U')
configure:12228: $? = 0
configure:12233: ar cru libconftest.a @conftest.lst >&5
ar: `u' modifier ignored since `D' is the default (see `U')
ar: conftest.o: No such file or directory
configure:12236: $? = 1
configure:12248: result: @
configure:12306: checking for strip
configure:12322: found /usr/bin/strip
configure:12333: result: strip
configure:12405: checking for ranlib
configure:12421: found /usr/bin/ranlib
configure:12432: result: ranlib
configure:12534: checking command to parse /usr/bin/nm -B output from gcc object
configure:12687: gcc -c -g -O2  conftest.c >&5
configure:12690: $? = 0
configure:12694: /usr/bin/nm -B conftest.o \| sed -n -e 's/^.*[ ]\([ABCDGIRSTW][ABCDGIRSTW]*\)[ ][ ]*\([_A-Za-z][_A-Za-z0-9]*\)$/\1 \2 \2/p' | sed '/ __gnu_lto/d' \> conftest.nm
configure:12697: $? = 0
configure:12763: gcc -o conftest -g -O2   conftest.c conftstm.o >&5
configure:12766: $? = 0
configure:12804: result: ok
configure:12851: checking for sysroot
configure:12881: result: no
configure:12888: checking for a working dd
configure:12926: result: /bin/dd
configure:12930: checking how to truncate binary pipes
configure:12945: result: /bin/dd bs=4096 count=1
configure:13274: checking for mt
configure:13290: found /bin/mt
configure:13301: result: mt
configure:13324: checking if mt is a manifest tool
configure:13330: mt '-?'
configure:13338: result: no
configure:14012: checking for dlfcn.h
configure:14012: gcc -c -g -O2  conftest.c >&5
configure:14012: $? = 0
configure:14012: result: yes
configure:14267: checking for objdir
configure:14282: result: .libs
configure:14546: checking if gcc supports -fno-rtti -fno-exceptions
configure:14564: gcc -c -g -O2  -fno-rtti -fno-exceptions conftest.c >&5
cc1: warning: command line option '-fno-rtti' is valid for C++/ObjC++ but not for C
configure:14568: $? = 0
configure:14581: result: no
configure:14939: checking for gcc option to produce PIC
configure:14946: result: -fPIC -DPIC
configure:14954: checking if gcc PIC flag -fPIC -DPIC works
configure:14972: gcc -c -g -O2  -fPIC -DPIC -DPIC conftest.c >&5
configure:14976: $? = 0
configure:14989: result: yes
configure:15018: checking if gcc static flag -static works
configure:15046: result: yes
configure:15061: checking if gcc supports -c -o file.o
configure:15082: gcc -c -g -O2  -o out/conftest2.o conftest.c >&5
configure:15086: $? = 0
configure:15108: result: yes
configure:15116: checking if gcc supports -c -o file.o
configure:15163: result: yes
configure:15196: checking whether the gcc linker (/usr/bin/ld) supports shared libraries
configure:16459: result: yes
configure:16496: checking whether -lc should be explicitly linked in
configure:16504: gcc -c -g -O2  conftest.c >&5
configure:16507: $? = 0
configure:16522: gcc -shared  -fPIC -DPIC conftest.o  -v -Wl,-soname -Wl,conftest -o conftest 2\>\&1 \| /bin/grep  -lc  \>/dev/null 2\>\&1
configure:16525: $? = 0
configure:16539: result: no
configure:16699: checking dynamic linker characteristics
configure:17280: gcc -o conftest -g -O2   -Wl,-rpath -Wl,/foo conftest.c  >&5
configure:17280: $? = 0
configure:17529: result: GNU/Linux ld.so
configure:17651: checking how to hardcode library paths into programs
configure:17676: result: immediate
configure:18224: checking whether stripping libraries is possible
configure:18229: result: yes
configure:18264: checking if libtool supports shared libraries
configure:18266: result: yes
configure:18269: checking whether to build shared libraries
configure:18294: result: yes
configure:18297: checking whether to build static libraries
configure:18301: result: no
configure:18387: checking for gcc
configure:18414: result: gcc
configure:18643: checking for C compiler version
configure:18652: gcc --version >&5
gcc (Ubuntu/Linaro 5.4.0-6ubuntu1~16.04.4) 5.4.0 20160609
Copyright (C) 2015 Free Software Foundation, Inc.
This is free software; see the source for copying conditions.  There is NO
warranty; not even for MERCHANTABILITY or FITNESS FOR A PARTICULAR PURPOSE.

configure:18663: $? = 0
configure:18652: gcc -v >&5
Using built-in specs.
COLLECT_GCC=gcc
COLLECT_LTO_WRAPPER=/usr/lib/gcc/aarch64-linux-gnu/5/lto-wrapper
Target: aarch64-linux-gnu
Configured with: ../src/configure -v --with-pkgversion='Ubuntu/Linaro 5.4.0-6ubuntu1~16.04.4' --with-bugurl=file:///usr/share/doc/gcc-5/README.Bugs --enable-languages=c,ada,c++,java,go,d,fortran,objc,obj-c++ --prefix=/usr --program-suffix=-5 --enable-shared --enable-linker-build-id --libexecdir=/usr/lib --without-included-gettext --enable-threads=posix --libdir=/usr/lib --enable-nls --with-sysroot=/ --enable-clocale=gnu --enable-libstdcxx-debug --enable-libstdcxx-time=yes --with-default-libstdcxx-abi=new --enable-gnu-unique-object --disable-libquadmath --enable-plugin --with-system-zlib --disable-browser-plugin --enable-java-awt=gtk --enable-gtk-cairo --with-java-home=/usr/lib/jvm/java-1.5.0-gcj-5-arm64/jre --enable-java-home --with-jvm-root-dir=/usr/lib/jvm/java-1.5.0-gcj-5-arm64 --with-jvm-jar-dir=/usr/lib/jvm-exports/java-1.5.0-gcj-5-arm64 --with-arch-directory=aarch64 --with-ecj-jar=/usr/share/java/eclipse-ecj.jar --enable-multiarch --enable-fix-cortex-a53-843419 --disable-werror --enable-checking=release --build=aarch64-linux-gnu --host=aarch64-linux-gnu --target=aarch64-linux-gnu
Thread model: posix
gcc version 5.4.0 20160609 (Ubuntu/Linaro 5.4.0-6ubuntu1~16.04.4) 
configure:18663: $? = 0
configure:18652: gcc -V >&5
gcc: error: unrecognized command line option '-V'
gcc: fatal error: no input files
compilation terminated.
configure:18663: $? = 1
configure:18652: gcc -qversion >&5
gcc: error: unrecognized command line option '-qversion'
gcc: fatal error: no input files
compilation terminated.
configure:18663: $? = 1
configure:18667: checking whether we are using the GNU C compiler
configure:18695: result: yes
configure:18704: checking whether gcc accepts -g
configure:18765: result: yes
configure:18782: checking for gcc option to accept ISO C89
configure:18858: result: none needed
configure:18883: checking whether gcc understands -c and -o together
configure:18920: result: yes
configure:18939: checking dependency style of gcc
configure:19050: result: gcc3
configure:19068: checking sys/ioctl.h usability
configure:19068: gcc -c -g -O2  conftest.c >&5
configure:19068: $? = 0
configure:19068: result: yes
configure:19068: checking sys/ioctl.h presence
configure:19068: gcc -E  conftest.c
configure:19068: $? = 0
configure:19068: result: yes
configure:19068: checking for sys/ioctl.h
configure:19068: result: yes
configure:19080: checking for stdint.h
configure:19080: result: yes

## ---------------- ##
## Cache variables. ##
## ---------------- ##

ac_cv_build=aarch64-unknown-linux-gnu
ac_cv_c_compiler_gnu=yes
ac_cv_env_CC_set=
ac_cv_env_CC_value=
ac_cv_env_CFLAGS_set=
ac_cv_env_CFLAGS_value=
ac_cv_env_CPPFLAGS_set=
ac_cv_env_CPPFLAGS_value=
ac_cv_env_CPP_set=
ac_cv_env_CPP_value=
ac_cv_env_LDFLAGS_set=
ac_cv_env_LDFLAGS_value=
ac_cv_env_LIBS_set=
ac_cv_env_LIBS_value=
ac_cv_env_LT_SYS_LIBRARY_PATH_set=
ac_cv_env_LT_SYS_LIBRARY_PATH_value=
ac_cv_env_build_alias_set=
ac_cv_env_build_alias_value=
ac_cv_env_host_alias_set=
ac_cv_env_host_alias_value=
ac_cv_env_target_alias_set=
ac_cv_env_target_alias_value=
ac_cv_have_decl___INTEL_COMPILER=no
ac_cv_have_decl___SUNPRO_C=no
ac_cv_have_decl___clang__=no
ac_cv_header_dlfcn_h=yes
ac_cv_header_inttypes_h=yes
ac_cv_header_memory_h=yes
ac_cv_header_stdc=yes
ac_cv_header_stdint_h=yes
ac_cv_header_stdlib_h=yes
ac_cv_header_string_h=yes
ac_cv_header_strings_h=yes
ac_cv_header_sys_ioctl_h=yes
ac_cv_header_sys_stat_h=yes
ac_cv_header_sys_types_h=yes
ac_cv_header_unistd_h=yes
ac_cv_host=aarch64-unknown-linux-gnu
ac_cv_objext=o
ac_cv_path_EGREP='/bin/grep -E'
ac_cv_path_FGREP='/bin/grep -F'
ac_cv_path_GREP=/bin/grep
ac_cv_path_SED=/bin/sed
ac_cv_path_install='/usr/bin/install -c'
ac_cv_path_lt_DD=/bin/dd
ac_cv_path_mkdir=/bin/mkdir
ac_cv_prog_AWK=mawk
ac_cv_prog_CPP='gcc -E'
ac_cv_prog_ac_ct_AR=ar
ac_cv_prog_ac_ct_CC=gcc
ac_cv_prog_ac_ct_MANIFEST_TOOL=mt
ac_cv_prog_ac_ct_OBJDUMP=objdump
ac_cv_prog_ac_ct_RANLIB=ranlib
ac_cv_prog_ac_ct_STRIP=strip
ac_cv_prog_cc_c89=
ac_cv_prog_cc_c99=
ac_cv_prog_cc_g=yes
ac_cv_prog_make_make_set=yes
am_cv_CC_dependencies_compiler_type=gcc3
am_cv_make_support_nested_variables=yes
am_cv_prog_cc_c_o=yes
lt_cv_ar_at_file=@
lt_cv_archive_cmds_need_lc=no
lt_cv_deplibs_check_method=pass_all
lt_cv_file_magic_cmd='$MAGIC_CMD'
lt_cv_file_magic_test_file=
lt_cv_ld_reload_flag=-r
lt_cv_nm_interface='BSD nm'
lt_cv_objdir=.libs
lt_cv_path_LD=/usr/bin/ld
lt_cv_path_NM='/usr/bin/nm -B'
lt_cv_path_mainfest_tool=no
lt_cv_prog_compiler_c_o=yes
lt_cv_prog_compiler_pic='-fPIC -DPIC'
lt_cv_prog_compiler_pic_works=yes
lt_cv_prog_compiler_rtti_exceptions=no
lt_cv_prog_compiler_static_works=yes
lt_cv_prog_gnu_ld=yes
lt_cv_sharedlib_from_linklib_cmd='printf %s\n'
lt_cv_shlibpath_overrides_runpath=no
lt_cv_sys_global_symbol_pipe='sed -n -e '\''s/^.*[	 ]\([ABCDGIRSTW][ABCDGIRSTW]*\)[	 ][	 ]*\([_A-Za-z][_A-Za-z0-9]*\)$/\1 \2 \2/p'\'' | sed '\''/ __gnu_lto/d'\'''
lt_cv_sys_global_symbol_to_c_name_address='sed -n -e '\''s/^: \(.*\) .*$/  {"\1", (void *) 0},/p'\'' -e '\''s/^[ABCDGIRSTW][ABCDGIRSTW]* .* \(.*\)$/  {"\1", (void *) \&\1},/p'\'''
lt_cv_sys_global_symbol_to_c_name_address_lib_prefix='sed -n -e '\''s/^: \(.*\) .*$/  {"\1", (void *) 0},/p'\'' -e '\''s/^[ABCDGIRSTW][ABCDGIRSTW]* .* \(lib.*\)$/  {"\1", (void *) \&\1},/p'\'' -e '\''s/^[ABCDGIRSTW][ABCDGIRSTW]* .* \(.*\)$/  {"lib\1", (void *) \&\1},/p'\'''
lt_cv_sys_global_symbol_to_cdecl='sed -n -e '\''s/^T .* \(.*\)$/extern int \1();/p'\'' -e '\''s/^[ABCDGIRSTW][ABCDGIRSTW]* .* \(.*\)$/extern char \1;/p'\'''
lt_cv_sys_global_symbol_to_import=
lt_cv_sys_max_cmd_len=1572864
lt_cv_to_host_file_cmd=func_convert_file_noop
lt_cv_to_tool_file_cmd=func_convert_file_noop
lt_cv_truncate_bin='/bin/dd bs=4096 count=1'
xorg_cv_cc_flag__Wall=yes
xorg_cv_cc_flag__Wbad_function_cast=yes
xorg_cv_cc_flag__Wdeclaration_after_statement=yes
xorg_cv_cc_flag__Werror=yes
xorg_cv_cc_flag__Werror_address=yes
xorg_cv_cc_flag__Werror_array_bounds=yes
xorg_cv_cc_flag__Werror_attributes=yes
xorg_cv_cc_flag__Werror_implicit=yes
xorg_cv_cc_flag__Werror_init_self=yes
xorg_cv_cc_flag__Werror_int_to_pointer_cast=yes
xorg_cv_cc_flag__Werror_main=yes
xorg_cv_cc_flag__Werror_missing_braces=yes
xorg_cv_cc_flag__Werror_nonnull=yes
xorg_cv_cc_flag__Werror_pointer_to_int_cast=yes
xorg_cv_cc_flag__Werror_return_type=yes
xorg_cv_cc_flag__Werror_sequence_point=yes
xorg_cv_cc_flag__Werror_trigraphs=yes
xorg_cv_cc_flag__Werror_write_strings=yes
xorg_cv_cc_flag__Wformat_2=yes
xorg_cv_cc_flag__Wlogical_op=yes
xorg_cv_cc_flag__Wmissing_declarations=yes
xorg_cv_cc_flag__Wmissing_format_attribute=yes
xorg_cv_cc_flag__Wmissing_noreturn=yes
xorg_cv_cc_flag__Wmissing_prototypes=yes
xorg_cv_cc_flag__Wnested_externs=yes
xorg_cv_cc_flag__Wold_style_definition=yes
xorg_cv_cc_flag__Wpointer_arith=yes
xorg_cv_cc_flag__Wredundant_decls=yes
xorg_cv_cc_flag__Wshadow=yes
xorg_cv_cc_flag__Wstrict_prototypes=yes
xorg_cv_cc_flag__Wuninitialized=yes
xorg_cv_cc_flag__Wunused=yes
xorg_cv_cc_flag__pedantic=yes
xorg_cv_cc_flag_unknown_warning_option=no
xorg_cv_cc_flag_unused_command_line_argument=no

## ----------------- ##
## Output variables. ##
## ----------------- ##

ACLOCAL='${SHELL} /root/Mali/xf86-video-armsoc/missing aclocal-1.15'
ADMIN_MAN_DIR='$(mandir)/man$(ADMIN_MAN_SUFFIX)'
ADMIN_MAN_SUFFIX='8'
AMDEPBACKSLASH='\'
AMDEP_FALSE='#'
AMDEP_TRUE=''
AMTAR='$${TAR-tar}'
AM_BACKSLASH='\'
AM_DEFAULT_V='$(AM_DEFAULT_VERBOSITY)'
AM_DEFAULT_VERBOSITY='0'
AM_V='$(V)'
APP_MAN_DIR='$(mandir)/man$(APP_MAN_SUFFIX)'
APP_MAN_SUFFIX='1'
AR='ar'
AUTOCONF='${SHELL} /root/Mali/xf86-video-armsoc/missing autoconf'
AUTOHEADER='${SHELL} /root/Mali/xf86-video-armsoc/missing autoheader'
AUTOMAKE='${SHELL} /root/Mali/xf86-video-armsoc/missing automake-1.15'
AWK='mawk'
BASE_CFLAGS=' -Wall -Wpointer-arith -Wmissing-declarations -Wformat=2 -Wstrict-prototypes -Wmissing-prototypes -Wnested-externs -Wbad-function-cast -Wold-style-definition -Wdeclaration-after-statement -Wunused -Wuninitialized -Wshadow -Wmissing-noreturn -Wmissing-format-attribute -Wredundant-decls -Wlogical-op -Werror=implicit -Werror=nonnull -Werror=init-self -Werror=main -Werror=missing-braces -Werror=sequence-point -Werror=return-type -Werror=trigraphs -Werror=array-bounds -Werror=write-strings -Werror=address -Werror=int-to-pointer-cast -Werror=pointer-to-int-cast'
CC='gcc'
CCDEPMODE='depmode=gcc3'
CFLAGS='-g -O2'
CHANGELOG_CMD='(GIT_DIR=$(top_srcdir)/.git git log > $(top_srcdir)/.changelog.tmp && mv $(top_srcdir)/.changelog.tmp $(top_srcdir)/ChangeLog) || (rm -f $(top_srcdir)/.changelog.tmp; touch $(top_srcdir)/ChangeLog; echo '\''git directory not found: installing possibly empty changelog.'\'' >&2)'
CPP='gcc -E'
CPPFLAGS=''
CWARNFLAGS=' -Wall -Wpointer-arith -Wmissing-declarations -Wformat=2 -Wstrict-prototypes -Wmissing-prototypes -Wnested-externs -Wbad-function-cast -Wold-style-definition -Wdeclaration-after-statement -Wunused -Wuninitialized -Wshadow -Wmissing-noreturn -Wmissing-format-attribute -Wredundant-decls -Wlogical-op -Werror=implicit -Werror=nonnull -Werror=init-self -Werror=main -Werror=missing-braces -Werror=sequence-point -Werror=return-type -Werror=trigraphs -Werror=array-bounds -Werror=write-strings -Werror=address -Werror=int-to-pointer-cast -Werror=pointer-to-int-cast -fno-strict-aliasing'
CYGPATH_W='echo'
DEFS=''
DEPDIR='.deps'
DLLTOOL='false'
DRIVER_MAN_DIR='$(mandir)/man$(DRIVER_MAN_SUFFIX)'
DRIVER_MAN_SUFFIX='4'
DRIVER_NAME=''
DSYMUTIL=''
DUMPBIN=''
ECHO_C=''
ECHO_N='-n'
ECHO_T=''
EGREP='/bin/grep -E'
EXEEXT=''
FGREP='/bin/grep -F'
FILE_MAN_DIR='$(mandir)/man$(FILE_MAN_SUFFIX)'
FILE_MAN_SUFFIX='5'
GREP='/bin/grep'
HAVE_XEXTPROTO_71_FALSE=''
HAVE_XEXTPROTO_71_TRUE=''
INSTALL_CMD='(cp -f /INSTALL $(top_srcdir)/.INSTALL.tmp && mv $(top_srcdir)/.INSTALL.tmp $(top_srcdir)/INSTALL) || (rm -f $(top_srcdir)/.INSTALL.tmp; touch $(top_srcdir)/INSTALL; echo '\''util-macros "pkgdatadir" from xorg-macros.pc not found: installing possibly empty INSTALL.'\'' >&2)'
INSTALL_DATA='${INSTALL} -m 644'
INSTALL_PROGRAM='${INSTALL}'
INSTALL_SCRIPT='${INSTALL}'
INSTALL_STRIP_PROGRAM='$(install_sh) -c -s'
LD='/usr/bin/ld'
LDFLAGS=''
LIBOBJS=''
LIBS=''
LIBTOOL='$(SHELL) $(top_builddir)/libtool'
LIB_MAN_DIR='$(mandir)/man$(LIB_MAN_SUFFIX)'
LIB_MAN_SUFFIX='3'
LIPO=''
LN_S='ln -s'
LTLIBOBJS=''
LT_SYS_LIBRARY_PATH=''
MAINT='#'
MAINTAINER_MODE_FALSE=''
MAINTAINER_MODE_TRUE='#'
MAKEINFO='${SHELL} /root/Mali/xf86-video-armsoc/missing makeinfo'
MANIFEST_TOOL=':'
MAN_SUBSTS='	-e '\''s|__vendorversion__|"$(PACKAGE_STRING)" "$(XORG_MAN_PAGE)"|'\'' 	-e '\''s|__xorgversion__|"$(PACKAGE_STRING)" "$(XORG_MAN_PAGE)"|'\'' 	-e '\''s|__xservername__|Xorg|g'\'' 	-e '\''s|__xconfigfile__|xorg.conf|g'\'' 	-e '\''s|__projectroot__|$(prefix)|g'\'' 	-e '\''s|__apploaddir__|$(appdefaultdir)|g'\'' 	-e '\''s|__appmansuffix__|$(APP_MAN_SUFFIX)|g'\'' 	-e '\''s|__drivermansuffix__|$(DRIVER_MAN_SUFFIX)|g'\'' 	-e '\''s|__adminmansuffix__|$(ADMIN_MAN_SUFFIX)|g'\'' 	-e '\''s|__libmansuffix__|$(LIB_MAN_SUFFIX)|g'\'' 	-e '\''s|__miscmansuffix__|$(MISC_MAN_SUFFIX)|g'\'' 	-e '\''s|__filemansuffix__|$(FILE_MAN_SUFFIX)|g'\'''
MISC_MAN_DIR='$(mandir)/man$(MISC_MAN_SUFFIX)'
MISC_MAN_SUFFIX='7'
MKDIR_P='/bin/mkdir -p'
NM='/usr/bin/nm -B'
NMEDIT=''
OBJDUMP='objdump'
OBJEXT='o'
OTOOL64=''
OTOOL=''
PACKAGE='xf86-video-armsoc'
PACKAGE_BUGREPORT=''
PACKAGE_NAME='xf86-video-armsoc'
PACKAGE_STRING='xf86-video-armsoc 1.4.0'
PACKAGE_TARNAME='xf86-video-armsoc'
PACKAGE_URL=''
PACKAGE_VERSION='1.4.0'
PATH_SEPARATOR=':'
RANLIB='ranlib'
SED='/bin/sed'
SET_MAKE=''
SHELL='/bin/bash'
STRICT_CFLAGS=' -pedantic -Werror -Werror=attributes'
STRIP='strip'
VERSION='1.4.0'
XORG_MAN_PAGE='X Version 11'
ac_ct_AR='ar'
ac_ct_CC='gcc'
ac_ct_DUMPBIN=''
am__EXEEXT_FALSE=''
am__EXEEXT_TRUE=''
am__fastdepCC_FALSE='#'
am__fastdepCC_TRUE=''
am__include='include'
am__isrc=''
am__leading_dot='.'
am__nodep='_no'
am__quote=''
am__tar='$${TAR-tar} chof - "$$tardir"'
am__untar='$${TAR-tar} xf -'
bindir='${exec_prefix}/bin'
build='aarch64-unknown-linux-gnu'
build_alias=''
build_cpu='aarch64'
build_os='linux-gnu'
build_vendor='unknown'
datadir='${datarootdir}'
datarootdir='${prefix}/share'
docdir='${datarootdir}/doc/${PACKAGE_TARNAME}'
dvidir='${docdir}'
exec_prefix='NONE'
host='aarch64-unknown-linux-gnu'
host_alias=''
host_cpu='aarch64'
host_os='linux-gnu'
host_vendor='unknown'
htmldir='${docdir}'
includedir='${prefix}/include'
infodir='${datarootdir}/info'
install_sh='${SHELL} /root/Mali/xf86-video-armsoc/install-sh'
libdir='${exec_prefix}/lib'
libexecdir='${exec_prefix}/libexec'
localedir='${datarootdir}/locale'
localstatedir='${prefix}/var'
mandir='${datarootdir}/man'
mkdir_p='$(MKDIR_P)'
moduledir='${exec_prefix}/lib/xorg/modules'
oldincludedir='/usr/include'
pdfdir='${docdir}'
prefix='NONE'
program_transform_name='s,x,x,'
psdir='${docdir}'
runstatedir='${localstatedir}/run'
sbindir='${exec_prefix}/sbin'
sharedstatedir='${prefix}/com'
sysconfdir='${prefix}/etc'
target_alias=''

## ----------- ##
## confdefs.h. ##
## ----------- ##

/* confdefs.h */
#define PACKAGE_NAME "xf86-video-armsoc"
#define PACKAGE_TARNAME "xf86-video-armsoc"
#define PACKAGE_VERSION "1.4.0"
#define PACKAGE_STRING "xf86-video-armsoc 1.4.0"
#define PACKAGE_BUGREPORT ""
#define PACKAGE_URL ""
#define PACKAGE "xf86-video-armsoc"
#define VERSION "1.4.0"
#define STDC_HEADERS 1
#define HAVE_SYS_TYPES_H 1
#define HAVE_SYS_STAT_H 1
#define HAVE_STDLIB_H 1
#define HAVE_STRING_H 1
#define HAVE_MEMORY_H 1
#define HAVE_STRINGS_H 1
#define HAVE_INTTYPES_H 1
#define HAVE_STDINT_H 1
#define HAVE_UNISTD_H 1
#define PACKAGE_VERSION_MAJOR 1
#define PACKAGE_VERSION_MINOR 4
#define PACKAGE_VERSION_PATCHLEVEL 0
#define HAVE_DLFCN_H 1
#define LT_OBJDIR ".libs/"
#define HAVE_SYS_IOCTL_H 1
#define HAVE_STDINT_H 1

configure: exit 2
